2023-08-06 02:22:11.998123 - Initialized conversion of CBT231
2023-08-06 02:22:12.110513 - Received CBT.V505.FILE231.PDS from FILE231.XMI 
2023-08-06 02:22:12.113095 - Found $$$#DATE.txt (text/plain) in CBT.V505.FILE231.PDS, moved to PDS/$$$#DATE
2023-08-06 02:22:12.114119 - Found $DOC.txt (text/plain) in CBT.V505.FILE231.PDS, moved to PDS/$DOC
2023-08-06 02:22:12.115089 - Found @FILE231.txt (text/plain) in CBT.V505.FILE231.PDS, moved to PDS/@FILE231
2023-08-06 02:22:12.116190 - Found SPTASKDR.txt (text/plain) in CBT.V505.FILE231.PDS, moved to PDS/SPTASKDR
2023-08-06 02:22:12.117244 - Found TASKNDSN.txt (text/plain) in CBT.V505.FILE231.PDS, moved to PDS/TASKNDSN
2023-08-06 02:22:12.118229 - Found TASKPRT.txt (text/plain) in CBT.V505.FILE231.PDS, moved to PDS/TASKPRT
2023-08-06 02:22:12.119219 - Found TASKTBD.txt (text/plain) in CBT.V505.FILE231.PDS, moved to PDS/TASKTBD
2023-08-06 02:22:12.120251 - Found TASKTCON.txt (text/plain) in CBT.V505.FILE231.PDS, moved to PDS/TASKTCON
2023-08-06 02:22:12.121229 - Found TASKTEND.txt (text/plain) in CBT.V505.FILE231.PDS, moved to PDS/TASKTEND
2023-08-06 02:22:12.122214 - Found TASKTGNR.txt (text/plain) in CBT.V505.FILE231.PDS, moved to PDS/TASKTGNR
2023-08-06 02:22:12.123192 - Found TASKTNB.txt (text/plain) in CBT.V505.FILE231.PDS, moved to PDS/TASKTNB
2023-08-06 02:22:12.124120 - Found TASKTNB2.txt (text/plain) in CBT.V505.FILE231.PDS, moved to PDS/TASKTNB2
2023-08-06 02:22:12.125065 - Found TASKTPRT.txt (text/plain) in CBT.V505.FILE231.PDS, moved to PDS/TASKTPRT
2023-08-06 02:22:12.125983 - Found TASKTUPD.txt (text/plain) in CBT.V505.FILE231.PDS, moved to PDS/TASKTUPD
2023-08-06 02:22:12.127087 - Found TASKTUP2.txt (text/plain) in CBT.V505.FILE231.PDS, moved to PDS/TASKTUP2
2023-08-06 02:22:12.128007 - Found TASKUPD.txt (text/plain) in CBT.V505.FILE231.PDS, moved to PDS/TASKUPD
2023-08-06 02:22:12.129080 - Found TASK00.txt (text/plain) in CBT.V505.FILE231.PDS, moved to PDS/TASK00
2023-08-06 02:22:12.130057 - Found X1A100.txt (text/plain) in CBT.V505.FILE231.PDS, moved to PDS/X1A100
